<?xml version="1.0" encoding="UTF-8"?>
<!-- Generated by org.testng.reporters.JUnitReportReporter -->
<testsuite hostname="DESKTOP-VUASQV1" failures="0" tests="1" name="manasa.Sample2Test" time="17.872" errors="0" timestamp="2023-09-30T17:21:44 IST" skipped="0">
  <testcase classname="manasa.Sample2Test" name="sample" time="17.872"/>
  <system-out/>
</testsuite> <!-- manasa.Sample2Test -->
